[INFO][23-08-04][test.POI.ExportExcelUtil]cellModelInfo,{"cellName":"项目名称","endColumn":0,"endRow":1,"startColumn":0,"startRow":0,"width":20}
[INFO][23-08-04][test.POI.ExportExcelUtil]cellModelInfo,{"cellName":"计划类别","endColumn":1,"endRow":1,"startColumn":1,"startRow":0}
[INFO][23-08-04][test.POI.ExportExcelUtil]cellModelInfo,{"cellName":"项目负责人","endColumn":2,"endRow":1,"startColumn":2,"startRow":0}
[INFO][23-08-04][test.POI.ExportExcelUtil]cellModelInfo,{"cellName":"项目编号","endColumn":3,"endRow":1,"startColumn":3,"startRow":0}
[INFO][23-08-04][test.POI.ExportExcelUtil]cellModelInfo,{"cellName":"2022年度发表受本项目资助的论文（篇）","endColumn":10,"endRow":0,"startColumn":4,"startRow":0}
[INFO][23-08-04][test.POI.ExportExcelUtil]cellModelInfo,{"cellName":"2022年专著出版（册）","endColumn":12,"endRow":0,"startColumn":11,"startRow":0,"width":100}
[INFO][23-08-04][test.POI.ExportExcelUtil]cellModelInfo,{"cellName":"2022年申请专利（项）","endColumn":14,"endRow":0,"startColumn":13,"startRow":0}
[INFO][23-08-04][test.POI.ExportExcelUtil]cellModelInfo,{"cellName":"2022年授权专利（项）","endColumn":16,"endRow":0,"startColumn":15,"startRow":0}
[INFO][23-08-04][test.POI.ExportExcelUtil]cellModelInfo,{"cellName":"2022年学术交流（次）","endColumn":18,"endRow":0,"startColumn":17,"startRow":0}
[INFO][23-08-04][test.POI.ExportExcelUtil]cellModelInfo,{"cellName":"2022年人才培养（人）","endColumn":20,"endRow":0,"startColumn":19,"startRow":0}
[INFO][23-08-04][test.POI.ExportExcelUtil]cellModelInfo,{"cellName":"2022年培育新立项纵向项目（项）","endColumn":21,"endRow":1,"startColumn":21,"startRow":0}
[INFO][23-08-04][test.POI.ExportExcelUtil]cellModelInfo,{"cellName":"2022年获得省部级及以上科技奖励（项）","endColumn":22,"endRow":1,"startColumn":22,"startRow":0}
[INFO][23-08-04][test.POI.ExportExcelUtil]cellModelInfo,{"cellName":"发表学术论文总计","endColumn":4,"endRow":1,"startColumn":4,"startRow":1}
[INFO][23-08-04][test.POI.ExportExcelUtil]cellModelInfo,{"cellName":"项目名称","endColumn":0,"endRow":1,"startColumn":0,"startRow":0,"width":20}
[INFO][23-08-04][test.POI.ExportExcelUtil]cellModelInfo,{"cellName":"计划类别","endColumn":1,"endRow":1,"startColumn":1,"startRow":0}
[INFO][23-08-04][test.POI.ExportExcelUtil]cellModelInfo,{"cellName":"项目负责人","endColumn":2,"endRow":1,"startColumn":2,"startRow":0}
[INFO][23-08-04][test.POI.ExportExcelUtil]cellModelInfo,{"cellName":"项目编号","endColumn":3,"endRow":1,"startColumn":3,"startRow":0}
[INFO][23-08-04][test.POI.ExportExcelUtil]cellModelInfo,{"cellName":"2022年度发表受本项目资助的论文（篇）","endColumn":10,"endRow":0,"startColumn":4,"startRow":0}
[INFO][23-08-04][test.POI.ExportExcelUtil]cellModelInfo,{"cellName":"2022年专著出版（册）","endColumn":12,"endRow":0,"startColumn":11,"startRow":0,"width":100}
[INFO][23-08-04][test.POI.ExportExcelUtil]cellModelInfo,{"cellName":"2022年申请专利（项）","endColumn":14,"endRow":0,"startColumn":13,"startRow":0}
[INFO][23-08-04][test.POI.ExportExcelUtil]cellModelInfo,{"cellName":"2022年授权专利（项）","endColumn":16,"endRow":0,"startColumn":15,"startRow":0}
[INFO][23-08-04][test.POI.ExportExcelUtil]cellModelInfo,{"cellName":"2022年学术交流（次）","endColumn":18,"endRow":0,"startColumn":17,"startRow":0}
[INFO][23-08-04][test.POI.ExportExcelUtil]cellModelInfo,{"cellName":"2022年人才培养（人）","endColumn":20,"endRow":0,"startColumn":19,"startRow":0}
[INFO][23-08-04][test.POI.ExportExcelUtil]cellModelInfo,{"cellName":"2022年培育新立项纵向项目（项）","endColumn":21,"endRow":1,"startColumn":21,"startRow":0}
[INFO][23-08-04][test.POI.ExportExcelUtil]cellModelInfo,{"cellName":"2022年获得省部级及以上科技奖励（项）","endColumn":22,"endRow":1,"startColumn":22,"startRow":0}
[INFO][23-08-04][test.POI.ExportExcelUtil]cellModelInfo,{"cellName":"发表学术论文总计","endColumn":4,"endRow":1,"startColumn":4,"startRow":1}
[INFO][23-08-04][test.Excel.POI.ExportExcelUtil]cellModelInfo,{"cellName":"项目名称","endColumn":0,"endRow":1,"startColumn":0,"startRow":0,"width":20}
[INFO][23-08-04][test.Excel.POI.ExportExcelUtil]cellModelInfo,{"cellName":"计划类别","endColumn":1,"endRow":1,"startColumn":1,"startRow":0}
[INFO][23-08-04][test.Excel.POI.ExportExcelUtil]cellModelInfo,{"cellName":"项目负责人","endColumn":2,"endRow":1,"startColumn":2,"startRow":0}
[INFO][23-08-04][test.Excel.POI.ExportExcelUtil]cellModelInfo,{"cellName":"项目编号","endColumn":3,"endRow":1,"startColumn":3,"startRow":0}
[INFO][23-08-04][test.Excel.POI.ExportExcelUtil]cellModelInfo,{"cellName":"2022年度发表受本项目资助的论文（篇）","endColumn":10,"endRow":0,"startColumn":4,"startRow":0}
[INFO][23-08-04][test.Excel.POI.ExportExcelUtil]cellModelInfo,{"cellName":"2022年专著出版（册）","endColumn":12,"endRow":0,"startColumn":11,"startRow":0,"width":100}
[INFO][23-08-04][test.Excel.POI.ExportExcelUtil]cellModelInfo,{"cellName":"2022年申请专利（项）","endColumn":14,"endRow":0,"startColumn":13,"startRow":0}
[INFO][23-08-04][test.Excel.POI.ExportExcelUtil]cellModelInfo,{"cellName":"2022年授权专利（项）","endColumn":16,"endRow":0,"startColumn":15,"startRow":0}
[INFO][23-08-04][test.Excel.POI.ExportExcelUtil]cellModelInfo,{"cellName":"2022年学术交流（次）","endColumn":18,"endRow":0,"startColumn":17,"startRow":0}
[INFO][23-08-04][test.Excel.POI.ExportExcelUtil]cellModelInfo,{"cellName":"2022年人才培养（人）","endColumn":20,"endRow":0,"startColumn":19,"startRow":0}
[INFO][23-08-04][test.Excel.POI.ExportExcelUtil]cellModelInfo,{"cellName":"2022年培育新立项纵向项目（项）","endColumn":21,"endRow":1,"startColumn":21,"startRow":0}
[INFO][23-08-04][test.Excel.POI.ExportExcelUtil]cellModelInfo,{"cellName":"2022年获得省部级及以上科技奖励（项）","endColumn":22,"endRow":1,"startColumn":22,"startRow":0}
[INFO][23-08-04][test.Excel.POI.ExportExcelUtil]cellModelInfo,{"cellName":"发表学术论文总计","endColumn":4,"endRow":1,"startColumn":4,"startRow":1}
[INFO][23-08-04][test.Excel.POI.ExportExcelUtil]cellModelInfo,{"cellName":"项目名称","endColumn":0,"endRow":1,"startColumn":0,"startRow":0,"width":20}
[INFO][23-08-04][test.Excel.POI.ExportExcelUtil]cellModelInfo,{"cellName":"计划类别","endColumn":1,"endRow":1,"startColumn":1,"startRow":0}
[INFO][23-08-04][test.Excel.POI.ExportExcelUtil]cellModelInfo,{"cellName":"项目负责人","endColumn":2,"endRow":1,"startColumn":2,"startRow":0}
[INFO][23-08-04][test.Excel.POI.ExportExcelUtil]cellModelInfo,{"cellName":"项目编号","endColumn":3,"endRow":1,"startColumn":3,"startRow":0}
[INFO][23-08-04][test.Excel.POI.ExportExcelUtil]cellModelInfo,{"cellName":"2022年度发表受本项目资助的论文（篇）","endColumn":10,"endRow":0,"startColumn":4,"startRow":0}
[INFO][23-08-04][test.Excel.POI.ExportExcelUtil]cellModelInfo,{"cellName":"2022年专著出版（册）","endColumn":12,"endRow":0,"startColumn":11,"startRow":0,"width":100}
[INFO][23-08-04][test.Excel.POI.ExportExcelUtil]cellModelInfo,{"cellName":"2022年申请专利（项）","endColumn":14,"endRow":0,"startColumn":13,"startRow":0}
[INFO][23-08-04][test.Excel.POI.ExportExcelUtil]cellModelInfo,{"cellName":"2022年授权专利（项）","endColumn":16,"endRow":0,"startColumn":15,"startRow":0}
[INFO][23-08-04][test.Excel.POI.ExportExcelUtil]cellModelInfo,{"cellName":"2022年学术交流（次）","endColumn":18,"endRow":0,"startColumn":17,"startRow":0}
[INFO][23-08-04][test.Excel.POI.ExportExcelUtil]cellModelInfo,{"cellName":"2022年人才培养（人）","endColumn":20,"endRow":0,"startColumn":19,"startRow":0}
[INFO][23-08-04][test.Excel.POI.ExportExcelUtil]cellModelInfo,{"cellName":"2022年培育新立项纵向项目（项）","endColumn":21,"endRow":1,"startColumn":21,"startRow":0}
[INFO][23-08-04][test.Excel.POI.ExportExcelUtil]cellModelInfo,{"cellName":"2022年获得省部级及以上科技奖励（项）","endColumn":22,"endRow":1,"startColumn":22,"startRow":0}
[INFO][23-08-04][test.Excel.POI.ExportExcelUtil]cellModelInfo,{"cellName":"发表学术论文总计","endColumn":4,"endRow":1,"startColumn":4,"startRow":1}
[DEBUG][23-08-04][com.alibaba.excel.context.WriteContextImpl]Begin to Initialization 'WriteContextImpl'
[DEBUG][23-08-04][com.alibaba.excel.metadata.property.ExcelHeadProperty]The initialization sheet/table 'ExcelHeadProperty' is complete , head kind is CLASS
[DEBUG][23-08-04][com.alibaba.excel.context.WriteContextImpl]CurrentConfiguration is writeWorkbookHolder
[DEBUG][23-08-04][com.alibaba.excel.context.WriteContextImpl]Initialization 'WriteContextImpl' complete
[DEBUG][23-08-04][com.alibaba.excel.metadata.property.ExcelHeadProperty]The initialization sheet/table 'ExcelHeadProperty' is complete , head kind is CLASS
[DEBUG][23-08-04][com.alibaba.excel.context.WriteContextImpl]CurrentConfiguration is writeSheetHolder
[DEBUG][23-08-04][com.alibaba.excel.context.WriteContextImpl]Can not find sheet:null ,now create it
[DEBUG][23-08-04][com.alibaba.excel.context.WriteContextImpl]Finished write.
[DEBUG][23-08-04][com.alibaba.excel.context.WriteContextImpl]Begin to Initialization 'WriteContextImpl'
[DEBUG][23-08-04][com.alibaba.excel.metadata.property.ExcelHeadProperty]The initialization sheet/table 'ExcelHeadProperty' is complete , head kind is CLASS
[DEBUG][23-08-04][com.alibaba.excel.context.WriteContextImpl]CurrentConfiguration is writeWorkbookHolder
[DEBUG][23-08-04][com.alibaba.excel.context.WriteContextImpl]Initialization 'WriteContextImpl' complete
[DEBUG][23-08-04][com.alibaba.excel.metadata.property.ExcelHeadProperty]The initialization sheet/table 'ExcelHeadProperty' is complete , head kind is CLASS
[DEBUG][23-08-04][com.alibaba.excel.context.WriteContextImpl]CurrentConfiguration is writeSheetHolder
[DEBUG][23-08-04][com.alibaba.excel.context.WriteContextImpl]Can not find sheet:null ,now create it
[DEBUG][23-08-04][com.alibaba.excel.context.WriteContextImpl]Finished write.
